CRITICAL - 2021-09-01 03:42:07 --> The framework needs the following extension(s) installed and loaded: intl.
#0 D:\xampp7.0\htdocs\iot\api\system\CodeIgniter.php(228): CodeIgniter\Exceptions\FrameworkException::forMissingExtension('intl')
#1 D:\xampp7.0\htdocs\iot\api\system\CodeIgniter.php(180): CodeIgniter\CodeIgniter->resolvePlatformExtensions()
#2 D:\xampp7.0\htdocs\iot\api\system\bootstrap.php(157): CodeIgniter\CodeIgniter->initialize()
#3 D:\xampp7.0\htdocs\iot\api\index.php(28): require('D:\\xampp7.0\\htd...')
#4 {main}
CRITICAL - 2021-09-01 03:42:10 --> The framework needs the following extension(s) installed and loaded: intl.
#0 D:\xampp7.0\htdocs\iot\api\system\CodeIgniter.php(228): CodeIgniter\Exceptions\FrameworkException::forMissingExtension('intl')
#1 D:\xampp7.0\htdocs\iot\api\system\CodeIgniter.php(180): CodeIgniter\CodeIgniter->resolvePlatformExtensions()
#2 D:\xampp7.0\htdocs\iot\api\system\bootstrap.php(157): CodeIgniter\CodeIgniter->initialize()
#3 D:\xampp7.0\htdocs\iot\api\index.php(28): require('D:\\xampp7.0\\htd...')
#4 {main}
CRITICAL - 2021-09-01 03:42:11 --> The framework needs the following extension(s) installed and loaded: intl.
#0 D:\xampp7.0\htdocs\iot\api\system\CodeIgniter.php(228): CodeIgniter\Exceptions\FrameworkException::forMissingExtension('intl')
#1 D:\xampp7.0\htdocs\iot\api\system\CodeIgniter.php(180): CodeIgniter\CodeIgniter->resolvePlatformExtensions()
#2 D:\xampp7.0\htdocs\iot\api\system\bootstrap.php(157): CodeIgniter\CodeIgniter->initialize()
#3 D:\xampp7.0\htdocs\iot\api\index.php(28): require('D:\\xampp7.0\\htd...')
#4 {main}
CRITICAL - 2021-09-01 03:42:11 --> The framework needs the following extension(s) installed and loaded: intl.
#0 D:\xampp7.0\htdocs\iot\api\system\CodeIgniter.php(228): CodeIgniter\Exceptions\FrameworkException::forMissingExtension('intl')
#1 D:\xampp7.0\htdocs\iot\api\system\CodeIgniter.php(180): CodeIgniter\CodeIgniter->resolvePlatformExtensions()
#2 D:\xampp7.0\htdocs\iot\api\system\bootstrap.php(157): CodeIgniter\CodeIgniter->initialize()
#3 D:\xampp7.0\htdocs\iot\api\index.php(28): require('D:\\xampp7.0\\htd...')
#4 {main}
CRITICAL - 2021-09-01 03:42:12 --> The framework needs the following extension(s) installed and loaded: intl.
#0 D:\xampp7.0\htdocs\iot\api\system\CodeIgniter.php(228): CodeIgniter\Exceptions\FrameworkException::forMissingExtension('intl')
#1 D:\xampp7.0\htdocs\iot\api\system\CodeIgniter.php(180): CodeIgniter\CodeIgniter->resolvePlatformExtensions()
#2 D:\xampp7.0\htdocs\iot\api\system\bootstrap.php(157): CodeIgniter\CodeIgniter->initialize()
#3 D:\xampp7.0\htdocs\iot\api\index.php(28): require('D:\\xampp7.0\\htd...')
#4 {main}
CRITICAL - 2021-09-01 03:42:12 --> The framework needs the following extension(s) installed and loaded: intl.
#0 D:\xampp7.0\htdocs\iot\api\system\CodeIgniter.php(228): CodeIgniter\Exceptions\FrameworkException::forMissingExtension('intl')
#1 D:\xampp7.0\htdocs\iot\api\system\CodeIgniter.php(180): CodeIgniter\CodeIgniter->resolvePlatformExtensions()
#2 D:\xampp7.0\htdocs\iot\api\system\bootstrap.php(157): CodeIgniter\CodeIgniter->initialize()
#3 D:\xampp7.0\htdocs\iot\api\index.php(28): require('D:\\xampp7.0\\htd...')
#4 {main}
CRITICAL - 2021-09-01 03:42:12 --> The framework needs the following extension(s) installed and loaded: intl.
#0 D:\xampp7.0\htdocs\iot\api\system\CodeIgniter.php(228): CodeIgniter\Exceptions\FrameworkException::forMissingExtension('intl')
#1 D:\xampp7.0\htdocs\iot\api\system\CodeIgniter.php(180): CodeIgniter\CodeIgniter->resolvePlatformExtensions()
#2 D:\xampp7.0\htdocs\iot\api\system\bootstrap.php(157): CodeIgniter\CodeIgniter->initialize()
#3 D:\xampp7.0\htdocs\iot\api\index.php(28): require('D:\\xampp7.0\\htd...')
#4 {main}
CRITICAL - 2021-09-01 00:01:33 --> Undefined property: App\Controllers\Cliente::$jsonRetorno
#0 D:\xampp7.0\htdocs\iot\api\app\Controllers\Cliente.php(36): CodeIgniter\Debug\Exceptions->errorHandler(8, 'Undefined prope...', 'D:\\xampp7.0\\htd...', 36, Array)
#1 D:\xampp7.0\htdocs\iot\api\system\CodeIgniter.php(928): App\Controllers\Cliente->BajaLogicaCliente('1')
#2 D:\xampp7.0\htdocs\iot\api\system\CodeIgniter.php(436): CodeIgniter\CodeIgniter->runController(Object(App\Controllers\Cliente))
#3 D:\xampp7.0\htdocs\iot\api\system\CodeIgniter.php(336): CodeIgniter\CodeIgniter->handleRequest(NULL, Object(Config\Cache), false)
#4 D:\xampp7.0\htdocs\iot\api\index.php(37): CodeIgniter\CodeIgniter->run()
#5 {main}
CRITICAL - 2021-09-01 00:03:40 --> Undefined property: App\Controllers\Cliente::$jsonRetorno
#0 D:\xampp7.0\htdocs\iot\api\app\Controllers\Cliente.php(38): CodeIgniter\Debug\Exceptions->errorHandler(8, 'Undefined prope...', 'D:\\xampp7.0\\htd...', 38, Array)
#1 D:\xampp7.0\htdocs\iot\api\system\CodeIgniter.php(928): App\Controllers\Cliente->BajaLogicaCliente('32312')
#2 D:\xampp7.0\htdocs\iot\api\system\CodeIgniter.php(436): CodeIgniter\CodeIgniter->runController(Object(App\Controllers\Cliente))
#3 D:\xampp7.0\htdocs\iot\api\system\CodeIgniter.php(336): CodeIgniter\CodeIgniter->handleRequest(NULL, Object(Config\Cache), false)
#4 D:\xampp7.0\htdocs\iot\api\index.php(37): CodeIgniter\CodeIgniter->run()
#5 {main}
CRITICAL - 2021-09-01 00:04:02 --> Undefined property: App\Controllers\Cliente::$jsonRetorno
#0 D:\xampp7.0\htdocs\iot\api\app\Controllers\Cliente.php(38): CodeIgniter\Debug\Exceptions->errorHandler(8, 'Undefined prope...', 'D:\\xampp7.0\\htd...', 38, Array)
#1 D:\xampp7.0\htdocs\iot\api\system\CodeIgniter.php(928): App\Controllers\Cliente->BajaLogicaCliente('32312')
#2 D:\xampp7.0\htdocs\iot\api\system\CodeIgniter.php(436): CodeIgniter\CodeIgniter->runController(Object(App\Controllers\Cliente))
#3 D:\xampp7.0\htdocs\iot\api\system\CodeIgniter.php(336): CodeIgniter\CodeIgniter->handleRequest(NULL, Object(Config\Cache), false)
#4 D:\xampp7.0\htdocs\iot\api\index.php(37): CodeIgniter\CodeIgniter->run()
#5 {main}
CRITICAL - 2021-09-01 00:09:44 --> Trying to get property 'pager' of non-object
#0 D:\xampp7.0\htdocs\iot\api\app\Controllers\Cliente.php(32): CodeIgniter\Debug\Exceptions->errorHandler(8, 'Trying to get p...', 'D:\\xampp7.0\\htd...', 32, Array)
#1 D:\xampp7.0\htdocs\iot\api\system\CodeIgniter.php(928): App\Controllers\Cliente->BajaLogicaCliente('2')
#2 D:\xampp7.0\htdocs\iot\api\system\CodeIgniter.php(436): CodeIgniter\CodeIgniter->runController(Object(App\Controllers\Cliente))
#3 D:\xampp7.0\htdocs\iot\api\system\CodeIgniter.php(336): CodeIgniter\CodeIgniter->handleRequest(NULL, Object(Config\Cache), false)
#4 D:\xampp7.0\htdocs\iot\api\index.php(37): CodeIgniter\CodeIgniter->run()
#5 {main}
CRITICAL - 2021-09-01 00:10:56 --> Trying to get property 'habilitado' of non-object
#0 D:\xampp7.0\htdocs\iot\api\app\Controllers\Cliente.php(34): CodeIgniter\Debug\Exceptions->errorHandler(8, 'Trying to get p...', 'D:\\xampp7.0\\htd...', 34, Array)
#1 D:\xampp7.0\htdocs\iot\api\system\CodeIgniter.php(928): App\Controllers\Cliente->BajaLogicaCliente('2')
#2 D:\xampp7.0\htdocs\iot\api\system\CodeIgniter.php(436): CodeIgniter\CodeIgniter->runController(Object(App\Controllers\Cliente))
#3 D:\xampp7.0\htdocs\iot\api\system\CodeIgniter.php(336): CodeIgniter\CodeIgniter->handleRequest(NULL, Object(Config\Cache), false)
#4 D:\xampp7.0\htdocs\iot\api\index.php(37): CodeIgniter\CodeIgniter->run()
#5 {main}
CRITICAL - 2021-09-01 00:11:22 --> Array to string conversion
#0 D:\xampp7.0\htdocs\iot\api\app\Controllers\Cliente.php(32): CodeIgniter\Debug\Exceptions->errorHandler(8, 'Array to string...', 'D:\\xampp7.0\\htd...', 32, Array)
#1 D:\xampp7.0\htdocs\iot\api\system\CodeIgniter.php(928): App\Controllers\Cliente->BajaLogicaCliente('2')
#2 D:\xampp7.0\htdocs\iot\api\system\CodeIgniter.php(436): CodeIgniter\CodeIgniter->runController(Object(App\Controllers\Cliente))
#3 D:\xampp7.0\htdocs\iot\api\system\CodeIgniter.php(336): CodeIgniter\CodeIgniter->handleRequest(NULL, Object(Config\Cache), false)
#4 D:\xampp7.0\htdocs\iot\api\index.php(37): CodeIgniter\CodeIgniter->run()
#5 {main}
CRITICAL - 2021-09-01 00:11:23 --> Array to string conversion
#0 D:\xampp7.0\htdocs\iot\api\app\Controllers\Cliente.php(32): CodeIgniter\Debug\Exceptions->errorHandler(8, 'Array to string...', 'D:\\xampp7.0\\htd...', 32, Array)
#1 D:\xampp7.0\htdocs\iot\api\system\CodeIgniter.php(928): App\Controllers\Cliente->BajaLogicaCliente('2')
#2 D:\xampp7.0\htdocs\iot\api\system\CodeIgniter.php(436): CodeIgniter\CodeIgniter->runController(Object(App\Controllers\Cliente))
#3 D:\xampp7.0\htdocs\iot\api\system\CodeIgniter.php(336): CodeIgniter\CodeIgniter->handleRequest(NULL, Object(Config\Cache), false)
#4 D:\xampp7.0\htdocs\iot\api\index.php(37): CodeIgniter\CodeIgniter->run()
#5 {main}
CRITICAL - 2021-09-01 00:12:27 --> Array to string conversion
#0 D:\xampp7.0\htdocs\iot\api\app\Controllers\Cliente.php(32): CodeIgniter\Debug\Exceptions->errorHandler(8, 'Array to string...', 'D:\\xampp7.0\\htd...', 32, Array)
#1 D:\xampp7.0\htdocs\iot\api\system\CodeIgniter.php(928): App\Controllers\Cliente->BajaLogicaCliente('2')
#2 D:\xampp7.0\htdocs\iot\api\system\CodeIgniter.php(436): CodeIgniter\CodeIgniter->runController(Object(App\Controllers\Cliente))
#3 D:\xampp7.0\htdocs\iot\api\system\CodeIgniter.php(336): CodeIgniter\CodeIgniter->handleRequest(NULL, Object(Config\Cache), false)
#4 D:\xampp7.0\htdocs\iot\api\index.php(37): CodeIgniter\CodeIgniter->run()
#5 {main}
CRITICAL - 2021-09-01 00:13:02 --> Array to string conversion
#0 D:\xampp7.0\htdocs\iot\api\app\Controllers\Cliente.php(32): CodeIgniter\Debug\Exceptions->errorHandler(8, 'Array to string...', 'D:\\xampp7.0\\htd...', 32, Array)
#1 D:\xampp7.0\htdocs\iot\api\system\CodeIgniter.php(928): App\Controllers\Cliente->BajaLogicaCliente('2')
#2 D:\xampp7.0\htdocs\iot\api\system\CodeIgniter.php(436): CodeIgniter\CodeIgniter->runController(Object(App\Controllers\Cliente))
#3 D:\xampp7.0\htdocs\iot\api\system\CodeIgniter.php(336): CodeIgniter\CodeIgniter->handleRequest(NULL, Object(Config\Cache), false)
#4 D:\xampp7.0\htdocs\iot\api\index.php(37): CodeIgniter\CodeIgniter->run()
#5 {main}
CRITICAL - 2021-09-01 00:13:37 --> Trying to get property 'habilitado' of non-object
#0 D:\xampp7.0\htdocs\iot\api\app\Controllers\Cliente.php(35): CodeIgniter\Debug\Exceptions->errorHandler(8, 'Trying to get p...', 'D:\\xampp7.0\\htd...', 35, Array)
#1 D:\xampp7.0\htdocs\iot\api\system\CodeIgniter.php(928): App\Controllers\Cliente->BajaLogicaCliente('2')
#2 D:\xampp7.0\htdocs\iot\api\system\CodeIgniter.php(436): CodeIgniter\CodeIgniter->runController(Object(App\Controllers\Cliente))
#3 D:\xampp7.0\htdocs\iot\api\system\CodeIgniter.php(336): CodeIgniter\CodeIgniter->handleRequest(NULL, Object(Config\Cache), false)
#4 D:\xampp7.0\htdocs\iot\api\index.php(37): CodeIgniter\CodeIgniter->run()
#5 {main}
CRITICAL - 2021-09-01 00:13:59 --> Undefined offset: 6
#0 D:\xampp7.0\htdocs\iot\api\app\Controllers\Cliente.php(35): CodeIgniter\Debug\Exceptions->errorHandler(8, 'Undefined offse...', 'D:\\xampp7.0\\htd...', 35, Array)
#1 D:\xampp7.0\htdocs\iot\api\system\CodeIgniter.php(928): App\Controllers\Cliente->BajaLogicaCliente('2')
#2 D:\xampp7.0\htdocs\iot\api\system\CodeIgniter.php(436): CodeIgniter\CodeIgniter->runController(Object(App\Controllers\Cliente))
#3 D:\xampp7.0\htdocs\iot\api\system\CodeIgniter.php(336): CodeIgniter\CodeIgniter->handleRequest(NULL, Object(Config\Cache), false)
#4 D:\xampp7.0\htdocs\iot\api\index.php(37): CodeIgniter\CodeIgniter->run()
#5 {main}
CRITICAL - 2021-09-01 00:14:04 --> Undefined offset: 5
#0 D:\xampp7.0\htdocs\iot\api\app\Controllers\Cliente.php(35): CodeIgniter\Debug\Exceptions->errorHandler(8, 'Undefined offse...', 'D:\\xampp7.0\\htd...', 35, Array)
#1 D:\xampp7.0\htdocs\iot\api\system\CodeIgniter.php(928): App\Controllers\Cliente->BajaLogicaCliente('2')
#2 D:\xampp7.0\htdocs\iot\api\system\CodeIgniter.php(436): CodeIgniter\CodeIgniter->runController(Object(App\Controllers\Cliente))
#3 D:\xampp7.0\htdocs\iot\api\system\CodeIgniter.php(336): CodeIgniter\CodeIgniter->handleRequest(NULL, Object(Config\Cache), false)
#4 D:\xampp7.0\htdocs\iot\api\index.php(37): CodeIgniter\CodeIgniter->run()
#5 {main}
CRITICAL - 2021-09-01 00:16:05 --> Array to string conversion
#0 D:\xampp7.0\htdocs\iot\api\app\Controllers\Cliente.php(35): CodeIgniter\Debug\Exceptions->errorHandler(8, 'Array to string...', 'D:\\xampp7.0\\htd...', 35, Array)
#1 D:\xampp7.0\htdocs\iot\api\system\CodeIgniter.php(928): App\Controllers\Cliente->BajaLogicaCliente('2')
#2 D:\xampp7.0\htdocs\iot\api\system\CodeIgniter.php(436): CodeIgniter\CodeIgniter->runController(Object(App\Controllers\Cliente))
#3 D:\xampp7.0\htdocs\iot\api\system\CodeIgniter.php(336): CodeIgniter\CodeIgniter->handleRequest(NULL, Object(Config\Cache), false)
#4 D:\xampp7.0\htdocs\iot\api\index.php(37): CodeIgniter\CodeIgniter->run()
#5 {main}
CRITICAL - 2021-09-01 00:16:16 --> Array to string conversion
#0 D:\xampp7.0\htdocs\iot\api\app\Controllers\Cliente.php(35): CodeIgniter\Debug\Exceptions->errorHandler(8, 'Array to string...', 'D:\\xampp7.0\\htd...', 35, Array)
#1 D:\xampp7.0\htdocs\iot\api\system\CodeIgniter.php(928): App\Controllers\Cliente->BajaLogicaCliente('2')
#2 D:\xampp7.0\htdocs\iot\api\system\CodeIgniter.php(436): CodeIgniter\CodeIgniter->runController(Object(App\Controllers\Cliente))
#3 D:\xampp7.0\htdocs\iot\api\system\CodeIgniter.php(336): CodeIgniter\CodeIgniter->handleRequest(NULL, Object(Config\Cache), false)
#4 D:\xampp7.0\htdocs\iot\api\index.php(37): CodeIgniter\CodeIgniter->run()
#5 {main}
CRITICAL - 2021-09-01 00:16:49 --> Array to string conversion
#0 D:\xampp7.0\htdocs\iot\api\app\Controllers\Cliente.php(35): CodeIgniter\Debug\Exceptions->errorHandler(8, 'Array to string...', 'D:\\xampp7.0\\htd...', 35, Array)
#1 D:\xampp7.0\htdocs\iot\api\system\CodeIgniter.php(928): App\Controllers\Cliente->BajaLogicaCliente('2')
#2 D:\xampp7.0\htdocs\iot\api\system\CodeIgniter.php(436): CodeIgniter\CodeIgniter->runController(Object(App\Controllers\Cliente))
#3 D:\xampp7.0\htdocs\iot\api\system\CodeIgniter.php(336): CodeIgniter\CodeIgniter->handleRequest(NULL, Object(Config\Cache), false)
#4 D:\xampp7.0\htdocs\iot\api\index.php(37): CodeIgniter\CodeIgniter->run()
#5 {main}
CRITICAL - 2021-09-01 00:17:21 --> Undefined offset: 5
#0 D:\xampp7.0\htdocs\iot\api\app\Controllers\Cliente.php(35): CodeIgniter\Debug\Exceptions->errorHandler(8, 'Undefined offse...', 'D:\\xampp7.0\\htd...', 35, Array)
#1 D:\xampp7.0\htdocs\iot\api\system\CodeIgniter.php(928): App\Controllers\Cliente->BajaLogicaCliente('2')
#2 D:\xampp7.0\htdocs\iot\api\system\CodeIgniter.php(436): CodeIgniter\CodeIgniter->runController(Object(App\Controllers\Cliente))
#3 D:\xampp7.0\htdocs\iot\api\system\CodeIgniter.php(336): CodeIgniter\CodeIgniter->handleRequest(NULL, Object(Config\Cache), false)
#4 D:\xampp7.0\htdocs\iot\api\index.php(37): CodeIgniter\CodeIgniter->run()
#5 {main}
CRITICAL - 2021-09-01 00:17:39 --> Trying to get property 'habilitado' of non-object
#0 D:\xampp7.0\htdocs\iot\api\app\Controllers\Cliente.php(35): CodeIgniter\Debug\Exceptions->errorHandler(8, 'Trying to get p...', 'D:\\xampp7.0\\htd...', 35, Array)
#1 D:\xampp7.0\htdocs\iot\api\system\CodeIgniter.php(928): App\Controllers\Cliente->BajaLogicaCliente('2')
#2 D:\xampp7.0\htdocs\iot\api\system\CodeIgniter.php(436): CodeIgniter\CodeIgniter->runController(Object(App\Controllers\Cliente))
#3 D:\xampp7.0\htdocs\iot\api\system\CodeIgniter.php(336): CodeIgniter\CodeIgniter->handleRequest(NULL, Object(Config\Cache), false)
#4 D:\xampp7.0\htdocs\iot\api\index.php(37): CodeIgniter\CodeIgniter->run()
#5 {main}
CRITICAL - 2021-09-01 00:20:09 --> Undefined index: habilitado
#0 D:\xampp7.0\htdocs\iot\api\app\Controllers\Cliente.php(38): CodeIgniter\Debug\Exceptions->errorHandler(8, 'Undefined index...', 'D:\\xampp7.0\\htd...', 38, Array)
#1 D:\xampp7.0\htdocs\iot\api\system\CodeIgniter.php(928): App\Controllers\Cliente->BajaLogicaCliente('2')
#2 D:\xampp7.0\htdocs\iot\api\system\CodeIgniter.php(436): CodeIgniter\CodeIgniter->runController(Object(App\Controllers\Cliente))
#3 D:\xampp7.0\htdocs\iot\api\system\CodeIgniter.php(336): CodeIgniter\CodeIgniter->handleRequest(NULL, Object(Config\Cache), false)
#4 D:\xampp7.0\htdocs\iot\api\index.php(37): CodeIgniter\CodeIgniter->run()
#5 {main}
CRITICAL - 2021-09-01 00:20:17 --> Undefined index: habilitado
#0 D:\xampp7.0\htdocs\iot\api\app\Controllers\Cliente.php(36): CodeIgniter\Debug\Exceptions->errorHandler(8, 'Undefined index...', 'D:\\xampp7.0\\htd...', 36, Array)
#1 D:\xampp7.0\htdocs\iot\api\system\CodeIgniter.php(928): App\Controllers\Cliente->BajaLogicaCliente('2')
#2 D:\xampp7.0\htdocs\iot\api\system\CodeIgniter.php(436): CodeIgniter\CodeIgniter->runController(Object(App\Controllers\Cliente))
#3 D:\xampp7.0\htdocs\iot\api\system\CodeIgniter.php(336): CodeIgniter\CodeIgniter->handleRequest(NULL, Object(Config\Cache), false)
#4 D:\xampp7.0\htdocs\iot\api\index.php(37): CodeIgniter\CodeIgniter->run()
#5 {main}
CRITICAL - 2021-09-01 00:21:39 --> Undefined offset: 0
#0 D:\xampp7.0\htdocs\iot\api\app\Controllers\Cliente.php(32): CodeIgniter\Debug\Exceptions->errorHandler(8, 'Undefined offse...', 'D:\\xampp7.0\\htd...', 32, Array)
#1 D:\xampp7.0\htdocs\iot\api\system\CodeIgniter.php(928): App\Controllers\Cliente->BajaLogicaCliente('23')
#2 D:\xampp7.0\htdocs\iot\api\system\CodeIgniter.php(436): CodeIgniter\CodeIgniter->runController(Object(App\Controllers\Cliente))
#3 D:\xampp7.0\htdocs\iot\api\system\CodeIgniter.php(336): CodeIgniter\CodeIgniter->handleRequest(NULL, Object(Config\Cache), false)
#4 D:\xampp7.0\htdocs\iot\api\index.php(37): CodeIgniter\CodeIgniter->run()
#5 {main}
CRITICAL - 2021-09-01 00:38:11 --> Undefined index: habilitado
#0 D:\xampp7.0\htdocs\iot\api\app\Controllers\Cliente.php(36): CodeIgniter\Debug\Exceptions->errorHandler(8, 'Undefined index...', 'D:\\xampp7.0\\htd...', 36, Array)
#1 D:\xampp7.0\htdocs\iot\api\system\CodeIgniter.php(928): App\Controllers\Cliente->BajaLogicaCliente('2')
#2 D:\xampp7.0\htdocs\iot\api\system\CodeIgniter.php(436): CodeIgniter\CodeIgniter->runController(Object(App\Controllers\Cliente))
#3 D:\xampp7.0\htdocs\iot\api\system\CodeIgniter.php(336): CodeIgniter\CodeIgniter->handleRequest(NULL, Object(Config\Cache), false)
#4 D:\xampp7.0\htdocs\iot\api\index.php(37): CodeIgniter\CodeIgniter->run()
#5 {main}
CRITICAL - 2021-09-01 00:38:48 --> Undefined index: habilitado
#0 D:\xampp7.0\htdocs\iot\api\app\Controllers\Cliente.php(36): CodeIgniter\Debug\Exceptions->errorHandler(8, 'Undefined index...', 'D:\\xampp7.0\\htd...', 36, Array)
#1 D:\xampp7.0\htdocs\iot\api\system\CodeIgniter.php(928): App\Controllers\Cliente->BajaLogicaCliente('1')
#2 D:\xampp7.0\htdocs\iot\api\system\CodeIgniter.php(436): CodeIgniter\CodeIgniter->runController(Object(App\Controllers\Cliente))
#3 D:\xampp7.0\htdocs\iot\api\system\CodeIgniter.php(336): CodeIgniter\CodeIgniter->handleRequest(NULL, Object(Config\Cache), false)
#4 D:\xampp7.0\htdocs\iot\api\index.php(37): CodeIgniter\CodeIgniter->run()
#5 {main}
CRITICAL - 2021-09-01 00:39:03 --> Undefined index: habilitado
#0 D:\xampp7.0\htdocs\iot\api\app\Controllers\Cliente.php(36): CodeIgniter\Debug\Exceptions->errorHandler(8, 'Undefined index...', 'D:\\xampp7.0\\htd...', 36, Array)
#1 D:\xampp7.0\htdocs\iot\api\system\CodeIgniter.php(928): App\Controllers\Cliente->BajaLogicaCliente('1')
#2 D:\xampp7.0\htdocs\iot\api\system\CodeIgniter.php(436): CodeIgniter\CodeIgniter->runController(Object(App\Controllers\Cliente))
#3 D:\xampp7.0\htdocs\iot\api\system\CodeIgniter.php(336): CodeIgniter\CodeIgniter->handleRequest(NULL, Object(Config\Cache), false)
#4 D:\xampp7.0\htdocs\iot\api\index.php(37): CodeIgniter\CodeIgniter->run()
#5 {main}
CRITICAL - 2021-09-01 00:39:03 --> Undefined index: habilitado
#0 D:\xampp7.0\htdocs\iot\api\app\Controllers\Cliente.php(36): CodeIgniter\Debug\Exceptions->errorHandler(8, 'Undefined index...', 'D:\\xampp7.0\\htd...', 36, Array)
#1 D:\xampp7.0\htdocs\iot\api\system\CodeIgniter.php(928): App\Controllers\Cliente->BajaLogicaCliente('1')
#2 D:\xampp7.0\htdocs\iot\api\system\CodeIgniter.php(436): CodeIgniter\CodeIgniter->runController(Object(App\Controllers\Cliente))
#3 D:\xampp7.0\htdocs\iot\api\system\CodeIgniter.php(336): CodeIgniter\CodeIgniter->handleRequest(NULL, Object(Config\Cache), false)
#4 D:\xampp7.0\htdocs\iot\api\index.php(37): CodeIgniter\CodeIgniter->run()
#5 {main}
CRITICAL - 2021-09-01 00:39:32 --> Array to string conversion
#0 D:\xampp7.0\htdocs\iot\api\app\Controllers\Cliente.php(36): CodeIgniter\Debug\Exceptions->errorHandler(8, 'Array to string...', 'D:\\xampp7.0\\htd...', 36, Array)
#1 D:\xampp7.0\htdocs\iot\api\system\CodeIgniter.php(928): App\Controllers\Cliente->BajaLogicaCliente('1')
#2 D:\xampp7.0\htdocs\iot\api\system\CodeIgniter.php(436): CodeIgniter\CodeIgniter->runController(Object(App\Controllers\Cliente))
#3 D:\xampp7.0\htdocs\iot\api\system\CodeIgniter.php(336): CodeIgniter\CodeIgniter->handleRequest(NULL, Object(Config\Cache), false)
#4 D:\xampp7.0\htdocs\iot\api\index.php(37): CodeIgniter\CodeIgniter->run()
#5 {main}
CRITICAL - 2021-09-01 00:40:09 --> Undefined index: nombre
#0 D:\xampp7.0\htdocs\iot\api\app\Controllers\Cliente.php(36): CodeIgniter\Debug\Exceptions->errorHandler(8, 'Undefined index...', 'D:\\xampp7.0\\htd...', 36, Array)
#1 D:\xampp7.0\htdocs\iot\api\system\CodeIgniter.php(928): App\Controllers\Cliente->BajaLogicaCliente('1')
#2 D:\xampp7.0\htdocs\iot\api\system\CodeIgniter.php(436): CodeIgniter\CodeIgniter->runController(Object(App\Controllers\Cliente))
#3 D:\xampp7.0\htdocs\iot\api\system\CodeIgniter.php(336): CodeIgniter\CodeIgniter->handleRequest(NULL, Object(Config\Cache), false)
#4 D:\xampp7.0\htdocs\iot\api\index.php(37): CodeIgniter\CodeIgniter->run()
#5 {main}
CRITICAL - 2021-09-01 00:40:33 --> Undefined offset: 1
#0 D:\xampp7.0\htdocs\iot\api\app\Controllers\Cliente.php(36): CodeIgniter\Debug\Exceptions->errorHandler(8, 'Undefined offse...', 'D:\\xampp7.0\\htd...', 36, Array)
#1 D:\xampp7.0\htdocs\iot\api\system\CodeIgniter.php(928): App\Controllers\Cliente->BajaLogicaCliente('1')
#2 D:\xampp7.0\htdocs\iot\api\system\CodeIgniter.php(436): CodeIgniter\CodeIgniter->runController(Object(App\Controllers\Cliente))
#3 D:\xampp7.0\htdocs\iot\api\system\CodeIgniter.php(336): CodeIgniter\CodeIgniter->handleRequest(NULL, Object(Config\Cache), false)
#4 D:\xampp7.0\htdocs\iot\api\index.php(37): CodeIgniter\CodeIgniter->run()
#5 {main}
ERROR - 2021-09-01 18:10:14 --> Unknown column 'id' in 'where clause'
CRITICAL - 2021-09-01 18:10:14 --> Unknown column 'id' in 'where clause'
#0 A:\Programas\xamp7.0\htdocs\iot\api\system\Database\MySQLi\Connection.php(329): mysqli->query('SELECT 1\nFROM `...')
#1 A:\Programas\xamp7.0\htdocs\iot\api\system\Database\BaseConnection.php(732): CodeIgniter\Database\MySQLi\Connection->execute('SELECT 1\nFROM `...')
#2 A:\Programas\xamp7.0\htdocs\iot\api\system\Database\BaseConnection.php(647): CodeIgniter\Database\BaseConnection->simpleQuery('SELECT 1\nFROM `...')
#3 A:\Programas\xamp7.0\htdocs\iot\api\system\Database\BaseBuilder.php(1881): CodeIgniter\Database\BaseConnection->query('SELECT 1\nFROM `...', Array, false)
#4 A:\Programas\xamp7.0\htdocs\iot\api\system\Validation\Rules.php(206): CodeIgniter\Database\BaseBuilder->get()
#5 A:\Programas\xamp7.0\htdocs\iot\api\system\Validation\Validation.php(312): CodeIgniter\Validation\Rules->is_unique('mailTest@gmail....', 'email', Array, NULL)
#6 A:\Programas\xamp7.0\htdocs\iot\api\system\Validation\Validation.php(159): CodeIgniter\Validation\Validation->processRules('email', 'email', 'mailTest@gmail....', Array, Array)
#7 A:\Programas\xamp7.0\htdocs\iot\api\system\BaseModel.php(1416): CodeIgniter\Validation\Validation->run(Array, NULL, NULL)
#8 A:\Programas\xamp7.0\htdocs\iot\api\system\BaseModel.php(883): CodeIgniter\BaseModel->validate(Array)
#9 A:\Programas\xamp7.0\htdocs\iot\api\system\Model.php(718): CodeIgniter\BaseModel->update(NULL, Array)
#10 A:\Programas\xamp7.0\htdocs\iot\api\app\Controllers\Cliente.php(70): CodeIgniter\Model->update()
#11 A:\Programas\xamp7.0\htdocs\iot\api\system\CodeIgniter.php(928): App\Controllers\Cliente->RegistroCliente()
#12 A:\Programas\xamp7.0\htdocs\iot\api\system\CodeIgniter.php(436): CodeIgniter\CodeIgniter->runController(Object(App\Controllers\Cliente))
#13 A:\Programas\xamp7.0\htdocs\iot\api\system\CodeIgniter.php(336): CodeIgniter\CodeIgniter->handleRequest(NULL, Object(Config\Cache), false)
#14 A:\Programas\xamp7.0\htdocs\iot\api\index.php(37): CodeIgniter\CodeIgniter->run()
#15 {main}
CRITICAL - 2021-09-01 18:34:47 --> syntax error, unexpected '}'
#0 A:\Programas\xamp7.0\htdocs\iot\api\system\Autoloader\Autoloader.php(273): CodeIgniter\Autoloader\Autoloader->includeFile('A:\\Programas\\xa...')
#1 A:\Programas\xamp7.0\htdocs\iot\api\system\Autoloader\Autoloader.php(247): CodeIgniter\Autoloader\Autoloader->loadInNamespace('App\\Controllers...')
#2 [internal function]: CodeIgniter\Autoloader\Autoloader->loadClass('App\\Controllers...')
#3 [internal function]: spl_autoload_call('App\\Controllers...')
#4 A:\Programas\xamp7.0\htdocs\iot\api\system\CodeIgniter.php(885): class_exists('\\App\\Controller...', true)
#5 A:\Programas\xamp7.0\htdocs\iot\api\system\CodeIgniter.php(421): CodeIgniter\CodeIgniter->startController()
#6 A:\Programas\xamp7.0\htdocs\iot\api\system\CodeIgniter.php(336): CodeIgniter\CodeIgniter->handleRequest(NULL, Object(Config\Cache), false)
#7 A:\Programas\xamp7.0\htdocs\iot\api\index.php(37): CodeIgniter\CodeIgniter->run()
#8 {main}
CRITICAL - 2021-09-01 18:35:07 --> syntax error, unexpected '}'
#0 A:\Programas\xamp7.0\htdocs\iot\api\system\Autoloader\Autoloader.php(273): CodeIgniter\Autoloader\Autoloader->includeFile('A:\\Programas\\xa...')
#1 A:\Programas\xamp7.0\htdocs\iot\api\system\Autoloader\Autoloader.php(247): CodeIgniter\Autoloader\Autoloader->loadInNamespace('App\\Controllers...')
#2 [internal function]: CodeIgniter\Autoloader\Autoloader->loadClass('App\\Controllers...')
#3 [internal function]: spl_autoload_call('App\\Controllers...')
#4 A:\Programas\xamp7.0\htdocs\iot\api\system\CodeIgniter.php(885): class_exists('\\App\\Controller...', true)
#5 A:\Programas\xamp7.0\htdocs\iot\api\system\CodeIgniter.php(421): CodeIgniter\CodeIgniter->startController()
#6 A:\Programas\xamp7.0\htdocs\iot\api\system\CodeIgniter.php(336): CodeIgniter\CodeIgniter->handleRequest(NULL, Object(Config\Cache), false)
#7 A:\Programas\xamp7.0\htdocs\iot\api\index.php(37): CodeIgniter\CodeIgniter->run()
#8 {main}
CRITICAL - 2021-09-01 18:35:08 --> syntax error, unexpected '}'
#0 A:\Programas\xamp7.0\htdocs\iot\api\system\Autoloader\Autoloader.php(273): CodeIgniter\Autoloader\Autoloader->includeFile('A:\\Programas\\xa...')
#1 A:\Programas\xamp7.0\htdocs\iot\api\system\Autoloader\Autoloader.php(247): CodeIgniter\Autoloader\Autoloader->loadInNamespace('App\\Controllers...')
#2 [internal function]: CodeIgniter\Autoloader\Autoloader->loadClass('App\\Controllers...')
#3 [internal function]: spl_autoload_call('App\\Controllers...')
#4 A:\Programas\xamp7.0\htdocs\iot\api\system\CodeIgniter.php(885): class_exists('\\App\\Controller...', true)
#5 A:\Programas\xamp7.0\htdocs\iot\api\system\CodeIgniter.php(421): CodeIgniter\CodeIgniter->startController()
#6 A:\Programas\xamp7.0\htdocs\iot\api\system\CodeIgniter.php(336): CodeIgniter\CodeIgniter->handleRequest(NULL, Object(Config\Cache), false)
#7 A:\Programas\xamp7.0\htdocs\iot\api\index.php(37): CodeIgniter\CodeIgniter->run()
#8 {main}
CRITICAL - 2021-09-01 18:35:10 --> syntax error, unexpected '}'
#0 A:\Programas\xamp7.0\htdocs\iot\api\system\Autoloader\Autoloader.php(273): CodeIgniter\Autoloader\Autoloader->includeFile('A:\\Programas\\xa...')
#1 A:\Programas\xamp7.0\htdocs\iot\api\system\Autoloader\Autoloader.php(247): CodeIgniter\Autoloader\Autoloader->loadInNamespace('App\\Controllers...')
#2 [internal function]: CodeIgniter\Autoloader\Autoloader->loadClass('App\\Controllers...')
#3 [internal function]: spl_autoload_call('App\\Controllers...')
#4 A:\Programas\xamp7.0\htdocs\iot\api\system\CodeIgniter.php(885): class_exists('\\App\\Controller...', true)
#5 A:\Programas\xamp7.0\htdocs\iot\api\system\CodeIgniter.php(421): CodeIgniter\CodeIgniter->startController()
#6 A:\Programas\xamp7.0\htdocs\iot\api\system\CodeIgniter.php(336): CodeIgniter\CodeIgniter->handleRequest(NULL, Object(Config\Cache), false)
#7 A:\Programas\xamp7.0\htdocs\iot\api\index.php(37): CodeIgniter\CodeIgniter->run()
#8 {main}
CRITICAL - 2021-09-01 18:35:11 --> syntax error, unexpected '}'
#0 A:\Programas\xamp7.0\htdocs\iot\api\system\Autoloader\Autoloader.php(273): CodeIgniter\Autoloader\Autoloader->includeFile('A:\\Programas\\xa...')
#1 A:\Programas\xamp7.0\htdocs\iot\api\system\Autoloader\Autoloader.php(247): CodeIgniter\Autoloader\Autoloader->loadInNamespace('App\\Controllers...')
#2 [internal function]: CodeIgniter\Autoloader\Autoloader->loadClass('App\\Controllers...')
#3 [internal function]: spl_autoload_call('App\\Controllers...')
#4 A:\Programas\xamp7.0\htdocs\iot\api\system\CodeIgniter.php(885): class_exists('\\App\\Controller...', true)
#5 A:\Programas\xamp7.0\htdocs\iot\api\system\CodeIgniter.php(421): CodeIgniter\CodeIgniter->startController()
#6 A:\Programas\xamp7.0\htdocs\iot\api\system\CodeIgniter.php(336): CodeIgniter\CodeIgniter->handleRequest(NULL, Object(Config\Cache), false)
#7 A:\Programas\xamp7.0\htdocs\iot\api\index.php(37): CodeIgniter\CodeIgniter->run()
#8 {main}
CRITICAL - 2021-09-01 18:35:27 --> syntax error, unexpected '}'
#0 A:\Programas\xamp7.0\htdocs\iot\api\system\Autoloader\Autoloader.php(273): CodeIgniter\Autoloader\Autoloader->includeFile('A:\\Programas\\xa...')
#1 A:\Programas\xamp7.0\htdocs\iot\api\system\Autoloader\Autoloader.php(247): CodeIgniter\Autoloader\Autoloader->loadInNamespace('App\\Controllers...')
#2 [internal function]: CodeIgniter\Autoloader\Autoloader->loadClass('App\\Controllers...')
#3 [internal function]: spl_autoload_call('App\\Controllers...')
#4 A:\Programas\xamp7.0\htdocs\iot\api\system\CodeIgniter.php(885): class_exists('\\App\\Controller...', true)
#5 A:\Programas\xamp7.0\htdocs\iot\api\system\CodeIgniter.php(421): CodeIgniter\CodeIgniter->startController()
#6 A:\Programas\xamp7.0\htdocs\iot\api\system\CodeIgniter.php(336): CodeIgniter\CodeIgniter->handleRequest(NULL, Object(Config\Cache), false)
#7 A:\Programas\xamp7.0\htdocs\iot\api\index.php(37): CodeIgniter\CodeIgniter->run()
#8 {main}
CRITICAL - 2021-09-01 19:26:08 --> Undefined property: App\Controllers\Usuario::$Usuario
#0 A:\Programas\xamp7.0\htdocs\iot\api\app\Controllers\Usuario.php(94): CodeIgniter\Debug\Exceptions->errorHandler(8, 'Undefined prope...', 'A:\\Programas\\xa...', 94, Array)
#1 A:\Programas\xamp7.0\htdocs\iot\api\system\CodeIgniter.php(928): App\Controllers\Usuario->RegistroUsuario()
#2 A:\Programas\xamp7.0\htdocs\iot\api\system\CodeIgniter.php(436): CodeIgniter\CodeIgniter->runController(Object(App\Controllers\Usuario))
#3 A:\Programas\xamp7.0\htdocs\iot\api\system\CodeIgniter.php(336): CodeIgniter\CodeIgniter->handleRequest(NULL, Object(Config\Cache), false)
#4 A:\Programas\xamp7.0\htdocs\iot\api\index.php(37): CodeIgniter\CodeIgniter->run()
#5 {main}
ERROR - 2021-09-01 19:27:46 --> Unknown column 'id' in 'where clause'
CRITICAL - 2021-09-01 19:27:46 --> Unknown column 'id' in 'where clause'
#0 A:\Programas\xamp7.0\htdocs\iot\api\system\Database\MySQLi\Connection.php(329): mysqli->query('SELECT 1\nFROM `...')
#1 A:\Programas\xamp7.0\htdocs\iot\api\system\Database\BaseConnection.php(732): CodeIgniter\Database\MySQLi\Connection->execute('SELECT 1\nFROM `...')
#2 A:\Programas\xamp7.0\htdocs\iot\api\system\Database\BaseConnection.php(647): CodeIgniter\Database\BaseConnection->simpleQuery('SELECT 1\nFROM `...')
#3 A:\Programas\xamp7.0\htdocs\iot\api\system\Database\BaseBuilder.php(1881): CodeIgniter\Database\BaseConnection->query('SELECT 1\nFROM `...', Array, false)
#4 A:\Programas\xamp7.0\htdocs\iot\api\system\Validation\Rules.php(206): CodeIgniter\Database\BaseBuilder->get()
#5 A:\Programas\xamp7.0\htdocs\iot\api\system\Validation\Validation.php(312): CodeIgniter\Validation\Rules->is_unique('mailregistro@gm...', 'email', Array, NULL)
#6 A:\Programas\xamp7.0\htdocs\iot\api\system\Validation\Validation.php(159): CodeIgniter\Validation\Validation->processRules('email', 'email', 'mailregistro@gm...', Array, Array)
#7 A:\Programas\xamp7.0\htdocs\iot\api\system\BaseModel.php(1416): CodeIgniter\Validation\Validation->run(Array, NULL, NULL)
#8 A:\Programas\xamp7.0\htdocs\iot\api\system\BaseModel.php(883): CodeIgniter\BaseModel->validate(Array)
#9 A:\Programas\xamp7.0\htdocs\iot\api\system\Model.php(718): CodeIgniter\BaseModel->update(NULL, Array)
#10 A:\Programas\xamp7.0\htdocs\iot\api\app\Controllers\Usuario.php(104): CodeIgniter\Model->update()
#11 A:\Programas\xamp7.0\htdocs\iot\api\system\CodeIgniter.php(928): App\Controllers\Usuario->RegistroUsuario()
#12 A:\Programas\xamp7.0\htdocs\iot\api\system\CodeIgniter.php(436): CodeIgniter\CodeIgniter->runController(Object(App\Controllers\Usuario))
#13 A:\Programas\xamp7.0\htdocs\iot\api\system\CodeIgniter.php(336): CodeIgniter\CodeIgniter->handleRequest(NULL, Object(Config\Cache), false)
#14 A:\Programas\xamp7.0\htdocs\iot\api\index.php(37): CodeIgniter\CodeIgniter->run()
#15 {main}
ERROR - 2021-09-01 19:28:13 --> Unknown column 'id' in 'where clause'
CRITICAL - 2021-09-01 19:28:13 --> Unknown column 'id' in 'where clause'
#0 A:\Programas\xamp7.0\htdocs\iot\api\system\Database\MySQLi\Connection.php(329): mysqli->query('SELECT 1\nFROM `...')
#1 A:\Programas\xamp7.0\htdocs\iot\api\system\Database\BaseConnection.php(732): CodeIgniter\Database\MySQLi\Connection->execute('SELECT 1\nFROM `...')
#2 A:\Programas\xamp7.0\htdocs\iot\api\system\Database\BaseConnection.php(647): CodeIgniter\Database\BaseConnection->simpleQuery('SELECT 1\nFROM `...')
#3 A:\Programas\xamp7.0\htdocs\iot\api\system\Database\BaseBuilder.php(1881): CodeIgniter\Database\BaseConnection->query('SELECT 1\nFROM `...', Array, false)
#4 A:\Programas\xamp7.0\htdocs\iot\api\system\Validation\Rules.php(206): CodeIgniter\Database\BaseBuilder->get()
#5 A:\Programas\xamp7.0\htdocs\iot\api\system\Validation\Validation.php(312): CodeIgniter\Validation\Rules->is_unique('mailregistro@gm...', 'email', Array, NULL)
#6 A:\Programas\xamp7.0\htdocs\iot\api\system\Validation\Validation.php(159): CodeIgniter\Validation\Validation->processRules('email', 'email', 'mailregistro@gm...', Array, Array)
#7 A:\Programas\xamp7.0\htdocs\iot\api\system\BaseModel.php(1416): CodeIgniter\Validation\Validation->run(Array, NULL, NULL)
#8 A:\Programas\xamp7.0\htdocs\iot\api\system\BaseModel.php(883): CodeIgniter\BaseModel->validate(Array)
#9 A:\Programas\xamp7.0\htdocs\iot\api\system\Model.php(718): CodeIgniter\BaseModel->update(NULL, Array)
#10 A:\Programas\xamp7.0\htdocs\iot\api\app\Controllers\Usuario.php(104): CodeIgniter\Model->update()
#11 A:\Programas\xamp7.0\htdocs\iot\api\system\CodeIgniter.php(928): App\Controllers\Usuario->RegistroUsuario()
#12 A:\Programas\xamp7.0\htdocs\iot\api\system\CodeIgniter.php(436): CodeIgniter\CodeIgniter->runController(Object(App\Controllers\Usuario))
#13 A:\Programas\xamp7.0\htdocs\iot\api\system\CodeIgniter.php(336): CodeIgniter\CodeIgniter->handleRequest(NULL, Object(Config\Cache), false)
#14 A:\Programas\xamp7.0\htdocs\iot\api\index.php(37): CodeIgniter\CodeIgniter->run()
#15 {main}
CRITICAL - 2021-09-01 20:52:52 --> Call to undefined method App\Controllers\Maquina::initController
#0 A:\Programas\xamp7.0\htdocs\iot\api\system\CodeIgniter.php(901): CodeIgniter\Model->__call('initController', Array)
#1 A:\Programas\xamp7.0\htdocs\iot\api\system\CodeIgniter.php(426): CodeIgniter\CodeIgniter->createController()
#2 A:\Programas\xamp7.0\htdocs\iot\api\system\CodeIgniter.php(336): CodeIgniter\CodeIgniter->handleRequest(NULL, Object(Config\Cache), false)
#3 A:\Programas\xamp7.0\htdocs\iot\api\index.php(37): CodeIgniter\CodeIgniter->run()
#4 {main}
CRITICAL - 2021-09-01 20:54:07 --> Call to undefined method App\Controllers\Maquina::initController
#0 A:\Programas\xamp7.0\htdocs\iot\api\system\CodeIgniter.php(901): CodeIgniter\Model->__call('initController', Array)
#1 A:\Programas\xamp7.0\htdocs\iot\api\system\CodeIgniter.php(426): CodeIgniter\CodeIgniter->createController()
#2 A:\Programas\xamp7.0\htdocs\iot\api\system\CodeIgniter.php(336): CodeIgniter\CodeIgniter->handleRequest(NULL, Object(Config\Cache), false)
#3 A:\Programas\xamp7.0\htdocs\iot\api\index.php(37): CodeIgniter\CodeIgniter->run()
#4 {main}
CRITICAL - 2021-09-01 20:54:45 --> idDevice is not a valid rule.
#0 A:\Programas\xamp7.0\htdocs\iot\api\system\Validation\Validation.php(321): CodeIgniter\Validation\Exceptions\ValidationException::forRuleNotFound('idDevice')
#1 A:\Programas\xamp7.0\htdocs\iot\api\system\Validation\Validation.php(159): CodeIgniter\Validation\Validation->processRules('0', '0', NULL, Array, Array)
#2 A:\Programas\xamp7.0\htdocs\iot\api\system\BaseModel.php(1416): CodeIgniter\Validation\Validation->run(Array, NULL, NULL)
#3 A:\Programas\xamp7.0\htdocs\iot\api\system\BaseModel.php(738): CodeIgniter\BaseModel->validate(Array)
#4 A:\Programas\xamp7.0\htdocs\iot\api\system\Model.php(686): CodeIgniter\BaseModel->insert(Array, true)
#5 A:\Programas\xamp7.0\htdocs\iot\api\app\Controllers\Maquina.php(24): CodeIgniter\Model->insert()
#6 A:\Programas\xamp7.0\htdocs\iot\api\system\CodeIgniter.php(928): App\Controllers\Maquina->AltaMaquina()
#7 A:\Programas\xamp7.0\htdocs\iot\api\system\CodeIgniter.php(436): CodeIgniter\CodeIgniter->runController(Object(App\Controllers\Maquina))
#8 A:\Programas\xamp7.0\htdocs\iot\api\system\CodeIgniter.php(336): CodeIgniter\CodeIgniter->handleRequest(NULL, Object(Config\Cache), false)
#9 A:\Programas\xamp7.0\htdocs\iot\api\index.php(37): CodeIgniter\CodeIgniter->run()
#10 {main}
ERROR - 2021-09-01 20:56:25 --> Duplicate entry '005KSGSB' for key 'idDevice'
CRITICAL - 2021-09-01 20:56:25 --> Duplicate entry '005KSGSB' for key 'idDevice'
#0 A:\Programas\xamp7.0\htdocs\iot\api\system\Database\MySQLi\Connection.php(329): mysqli->query('INSERT INTO `ma...')
#1 A:\Programas\xamp7.0\htdocs\iot\api\system\Database\BaseConnection.php(732): CodeIgniter\Database\MySQLi\Connection->execute('INSERT INTO `ma...')
#2 A:\Programas\xamp7.0\htdocs\iot\api\system\Database\BaseConnection.php(647): CodeIgniter\Database\BaseConnection->simpleQuery('INSERT INTO `ma...')
#3 A:\Programas\xamp7.0\htdocs\iot\api\system\Database\BaseBuilder.php(2277): CodeIgniter\Database\BaseConnection->query('INSERT INTO `ma...', Array, false)
#4 A:\Programas\xamp7.0\htdocs\iot\api\system\Model.php(259): CodeIgniter\Database\BaseBuilder->insert()
#5 A:\Programas\xamp7.0\htdocs\iot\api\system\BaseModel.php(774): CodeIgniter\Model->doInsert(Array)
#6 A:\Programas\xamp7.0\htdocs\iot\api\system\Model.php(686): CodeIgniter\BaseModel->insert(Array, true)
#7 A:\Programas\xamp7.0\htdocs\iot\api\app\Controllers\Maquina.php(26): CodeIgniter\Model->insert()
#8 A:\Programas\xamp7.0\htdocs\iot\api\system\CodeIgniter.php(928): App\Controllers\Maquina->AltaMaquina()
#9 A:\Programas\xamp7.0\htdocs\iot\api\system\CodeIgniter.php(436): CodeIgniter\CodeIgniter->runController(Object(App\Controllers\Maquina))
#10 A:\Programas\xamp7.0\htdocs\iot\api\system\CodeIgniter.php(336): CodeIgniter\CodeIgniter->handleRequest(NULL, Object(Config\Cache), false)
#11 A:\Programas\xamp7.0\htdocs\iot\api\index.php(37): CodeIgniter\CodeIgniter->run()
#12 {main}
ERROR - 2021-09-01 20:57:37 --> Duplicate entry '005KSGSD' for key 'idDevice'
CRITICAL - 2021-09-01 20:57:37 --> Duplicate entry '005KSGSD' for key 'idDevice'
#0 A:\Programas\xamp7.0\htdocs\iot\api\system\Database\MySQLi\Connection.php(329): mysqli->query('INSERT INTO `ma...')
#1 A:\Programas\xamp7.0\htdocs\iot\api\system\Database\BaseConnection.php(732): CodeIgniter\Database\MySQLi\Connection->execute('INSERT INTO `ma...')
#2 A:\Programas\xamp7.0\htdocs\iot\api\system\Database\BaseConnection.php(647): CodeIgniter\Database\BaseConnection->simpleQuery('INSERT INTO `ma...')
#3 A:\Programas\xamp7.0\htdocs\iot\api\system\Database\BaseBuilder.php(2277): CodeIgniter\Database\BaseConnection->query('INSERT INTO `ma...', Array, false)
#4 A:\Programas\xamp7.0\htdocs\iot\api\system\Model.php(259): CodeIgniter\Database\BaseBuilder->insert()
#5 A:\Programas\xamp7.0\htdocs\iot\api\system\BaseModel.php(774): CodeIgniter\Model->doInsert(Array)
#6 A:\Programas\xamp7.0\htdocs\iot\api\system\Model.php(686): CodeIgniter\BaseModel->insert(Array, true)
#7 A:\Programas\xamp7.0\htdocs\iot\api\app\Controllers\Maquina.php(26): CodeIgniter\Model->insert()
#8 A:\Programas\xamp7.0\htdocs\iot\api\system\CodeIgniter.php(928): App\Controllers\Maquina->AltaMaquina()
#9 A:\Programas\xamp7.0\htdocs\iot\api\system\CodeIgniter.php(436): CodeIgniter\CodeIgniter->runController(Object(App\Controllers\Maquina))
#10 A:\Programas\xamp7.0\htdocs\iot\api\system\CodeIgniter.php(336): CodeIgniter\CodeIgniter->handleRequest(NULL, Object(Config\Cache), false)
#11 A:\Programas\xamp7.0\htdocs\iot\api\index.php(37): CodeIgniter\CodeIgniter->run()
#12 {main}
CRITICAL - 2021-09-01 20:57:59 --> idDevice is not a valid rule.
#0 A:\Programas\xamp7.0\htdocs\iot\api\system\Validation\Validation.php(321): CodeIgniter\Validation\Exceptions\ValidationException::forRuleNotFound('idDevice')
#1 A:\Programas\xamp7.0\htdocs\iot\api\system\Validation\Validation.php(159): CodeIgniter\Validation\Validation->processRules('0', '0', NULL, Array, Array)
#2 A:\Programas\xamp7.0\htdocs\iot\api\system\BaseModel.php(1416): CodeIgniter\Validation\Validation->run(Array, NULL, NULL)
#3 A:\Programas\xamp7.0\htdocs\iot\api\system\BaseModel.php(738): CodeIgniter\BaseModel->validate(Array)
#4 A:\Programas\xamp7.0\htdocs\iot\api\system\Model.php(686): CodeIgniter\BaseModel->insert(Array, true)
#5 A:\Programas\xamp7.0\htdocs\iot\api\app\Controllers\Maquina.php(26): CodeIgniter\Model->insert()
#6 A:\Programas\xamp7.0\htdocs\iot\api\system\CodeIgniter.php(928): App\Controllers\Maquina->AltaMaquina()
#7 A:\Programas\xamp7.0\htdocs\iot\api\system\CodeIgniter.php(436): CodeIgniter\CodeIgniter->runController(Object(App\Controllers\Maquina))
#8 A:\Programas\xamp7.0\htdocs\iot\api\system\CodeIgniter.php(336): CodeIgniter\CodeIgniter->handleRequest(NULL, Object(Config\Cache), false)
#9 A:\Programas\xamp7.0\htdocs\iot\api\index.php(37): CodeIgniter\CodeIgniter->run()
#10 {main}
ERROR - 2021-09-01 20:58:13 --> Duplicate entry '005KSGSD' for key 'idDevice'
CRITICAL - 2021-09-01 20:58:13 --> Duplicate entry '005KSGSD' for key 'idDevice'
#0 A:\Programas\xamp7.0\htdocs\iot\api\system\Database\MySQLi\Connection.php(329): mysqli->query('INSERT INTO `ma...')
#1 A:\Programas\xamp7.0\htdocs\iot\api\system\Database\BaseConnection.php(732): CodeIgniter\Database\MySQLi\Connection->execute('INSERT INTO `ma...')
#2 A:\Programas\xamp7.0\htdocs\iot\api\system\Database\BaseConnection.php(647): CodeIgniter\Database\BaseConnection->simpleQuery('INSERT INTO `ma...')
#3 A:\Programas\xamp7.0\htdocs\iot\api\system\Database\BaseBuilder.php(2277): CodeIgniter\Database\BaseConnection->query('INSERT INTO `ma...', Array, false)
#4 A:\Programas\xamp7.0\htdocs\iot\api\system\Model.php(259): CodeIgniter\Database\BaseBuilder->insert()
#5 A:\Programas\xamp7.0\htdocs\iot\api\system\BaseModel.php(774): CodeIgniter\Model->doInsert(Array)
#6 A:\Programas\xamp7.0\htdocs\iot\api\system\Model.php(686): CodeIgniter\BaseModel->insert(Array, true)
#7 A:\Programas\xamp7.0\htdocs\iot\api\app\Controllers\Maquina.php(26): CodeIgniter\Model->insert()
#8 A:\Programas\xamp7.0\htdocs\iot\api\system\CodeIgniter.php(928): App\Controllers\Maquina->AltaMaquina()
#9 A:\Programas\xamp7.0\htdocs\iot\api\system\CodeIgniter.php(436): CodeIgniter\CodeIgniter->runController(Object(App\Controllers\Maquina))
#10 A:\Programas\xamp7.0\htdocs\iot\api\system\CodeIgniter.php(336): CodeIgniter\CodeIgniter->handleRequest(NULL, Object(Config\Cache), false)
#11 A:\Programas\xamp7.0\htdocs\iot\api\index.php(37): CodeIgniter\CodeIgniter->run()
#12 {main}
ERROR - 2021-09-01 20:59:00 --> Duplicate entry '005KSGSD' for key 'idDevice'
ERROR - 2021-09-01 20:59:48 --> Duplicate entry '005KSGSD' for key 'idDevice'
CRITICAL - 2021-09-01 21:12:34 --> Undefined property: App\Controllers\Administrador::$usuario
#0 A:\Programas\xamp7.0\htdocs\iot\api\app\Controllers\Administrador.php(21): CodeIgniter\Debug\Exceptions->errorHandler(8, 'Undefined prope...', 'A:\\Programas\\xa...', 21, Array)
#1 A:\Programas\xamp7.0\htdocs\iot\api\system\CodeIgniter.php(928): App\Controllers\Administrador->FiltrarUsuario('0')
#2 A:\Programas\xamp7.0\htdocs\iot\api\system\CodeIgniter.php(436): CodeIgniter\CodeIgniter->runController(Object(App\Controllers\Administrador))
#3 A:\Programas\xamp7.0\htdocs\iot\api\system\CodeIgniter.php(336): CodeIgniter\CodeIgniter->handleRequest(NULL, Object(Config\Cache), false)
#4 A:\Programas\xamp7.0\htdocs\iot\api\index.php(37): CodeIgniter\CodeIgniter->run()
#5 {main}
